<?xml version="1.0" encoding="UTF-8"?>
<testsuite xmlns:xsi="http://www.w3.org/2001/XMLSchema-instance" xsi:noNamespaceSchemaLocation="https://maven.apache.org/surefire/maven-surefire-plugin/xsd/surefire-test-report.xsd" name="asish.kdu.AppTest" time="0.016" tests="1" errors="0" skipped="0" failures="0">
  <properties>
    <property name="java.specification.version" value="17"/>
    <property name="sun.jnu.encoding" value="UTF-8"/>
    <property name="java.class.path" value="/Users/asishmahapatra/Desktop/KDU/java-fundamentals-1/logging/target/test-classes:/Users/asishmahapatra/Desktop/KDU/java-fundamentals-1/logging/target/classes:/Users/asishmahapatra/.m2/repository/junit/junit/4.11/junit-4.11.jar:/Users/asishmahapatra/.m2/repository/org/hamcrest/hamcrest-core/1.3/hamcrest-core-1.3.jar:/Users/asishmahapatra/.m2/repository/ch/qos/logback/logback-classic/1.4.12/logback-classic-1.4.12.jar:/Users/asishmahapatra/.m2/repository/org/slf4j/slf4j-api/2.0.7/slf4j-api-2.0.7.jar:/Users/asishmahapatra/.m2/repository/ch/qos/logback/logback-core/1.4.12/logback-core-1.4.12.jar:"/>
    <property name="java.vm.vendor" value="Oracle Corporation"/>
    <property name="sun.arch.data.model" value="64"/>
    <property name="java.vendor.url" value="https://java.oracle.com/"/>
    <property name="os.name" value="Mac OS X"/>
    <property name="java.vm.specification.version" value="17"/>
    <property name="sun.java.launcher" value="SUN_STANDARD"/>
    <property name="user.country" value="IN"/>
    <property name="sun.boot.library.path" value="/Library/Java/JavaVirtualMachines/jdk-17.0.1.jdk/Contents/Home/lib"/>
    <property name="sun.java.command" value="/Users/asishmahapatra/Desktop/KDU/java-fundamentals-1/logging/target/surefire/surefirebooter12990776725593479033.jar /Users/asishmahapatra/Desktop/KDU/java-fundamentals-1/logging/target/surefire 2024-01-08T14-48-33_388-jvmRun1 surefire6504372590448219450tmp surefire_01804150398814518141tmp"/>
    <property name="http.nonProxyHosts" value="local|*.local|169.254/16|*.169.254/16"/>
    <property name="jdk.debug" value="release"/>
    <property name="surefire.test.class.path" value="/Users/asishmahapatra/Desktop/KDU/java-fundamentals-1/logging/target/test-classes:/Users/asishmahapatra/Desktop/KDU/java-fundamentals-1/logging/target/classes:/Users/asishmahapatra/.m2/repository/junit/junit/4.11/junit-4.11.jar:/Users/asishmahapatra/.m2/repository/org/hamcrest/hamcrest-core/1.3/hamcrest-core-1.3.jar:/Users/asishmahapatra/.m2/repository/ch/qos/logback/logback-classic/1.4.12/logback-classic-1.4.12.jar:/Users/asishmahapatra/.m2/repository/org/slf4j/slf4j-api/2.0.7/slf4j-api-2.0.7.jar:/Users/asishmahapatra/.m2/repository/ch/qos/logback/logback-core/1.4.12/logback-core-1.4.12.jar:"/>
    <property name="sun.cpu.endian" value="little"/>
    <property name="user.home" value="/Users/asishmahapatra"/>
    <property name="user.language" value="en"/>
    <property name="java.specification.vendor" value="Oracle Corporation"/>
    <property name="java.version.date" value="2021-10-19"/>
    <property name="java.home" value="/Library/Java/JavaVirtualMachines/jdk-17.0.1.jdk/Contents/Home"/>
    <property name="file.separator" value="/"/>
    <property name="basedir" value="/Users/asishmahapatra/Desktop/KDU/java-fundamentals-1/logging"/>
    <property name="java.vm.compressedOopsMode" value="Zero based"/>
    <property name="line.separator" value="&#10;"/>
    <property name="java.specification.name" value="Java Platform API Specification"/>
    <property name="java.vm.specification.vendor" value="Oracle Corporation"/>
    <property name="surefire.real.class.path" value="/Users/asishmahapatra/Desktop/KDU/java-fundamentals-1/logging/target/surefire/surefirebooter12990776725593479033.jar"/>
    <property name="sun.management.compiler" value="HotSpot 64-Bit Tiered Compilers"/>
    <property name="ftp.nonProxyHosts" value="local|*.local|169.254/16|*.169.254/16"/>
    <property name="java.runtime.version" value="17.0.1+12-LTS-39"/>
    <property name="user.name" value="asishmahapatra"/>
    <property name="path.separator" value=":"/>
    <property name="os.version" value="14.0"/>
    <property name="java.runtime.name" value="Java(TM) SE Runtime Environment"/>
    <property name="file.encoding" value="UTF-8"/>
    <property name="java.vm.name" value="Java HotSpot(TM) 64-Bit Server VM"/>
    <property name="localRepository" value="/Users/asishmahapatra/.m2/repository"/>
    <property name="java.vendor.url.bug" value="https://bugreport.java.com/bugreport/"/>
    <property name="java.io.tmpdir" value="/var/folders/1z/gm2l75b50v18dxl7tzr4s5880000gn/T/"/>
    <property name="idea.version" value="2023.2.5"/>
    <property name="java.version" value="17.0.1"/>
    <property name="user.dir" value="/Users/asishmahapatra/Desktop/KDU/java-fundamentals-1/logging"/>
    <property name="os.arch" value="aarch64"/>
    <property name="java.vm.specification.name" value="Java Virtual Machine Specification"/>
    <property name="native.encoding" value="UTF-8"/>
    <property name="java.library.path" value="/Users/asishmahapatra/Library/Java/Extensions:/Library/Java/Extensions:/Network/Library/Java/Extensions:/System/Library/Java/Extensions:/usr/lib/java:."/>
    <property name="java.vm.info" value="mixed mode, sharing"/>
    <property name="java.vendor" value="Oracle Corporation"/>
    <property name="java.vm.version" value="17.0.1+12-LTS-39"/>
    <property name="sun.io.unicode.encoding" value="UnicodeBig"/>
    <property name="socksNonProxyHosts" value="local|*.local|169.254/16|*.169.254/16"/>
    <property name="java.class.version" value="61.0"/>
  </properties>
  <testcase name="shouldAnswerWithTrue" classname="asish.kdu.AppTest" time="0.001"/>
</testsuite>